mode: set
github.com/spacesedan/go-sequence/internal/services/board.go:43.37,47.2 1 1
github.com/spacesedan/go-sequence/internal/services/board.go:50.56,52.16 2 1
github.com/spacesedan/go-sequence/internal/services/board.go:52.16,54.3 1 1
github.com/spacesedan/go-sequence/internal/services/board.go:56.2,56.29 1 1
github.com/spacesedan/go-sequence/internal/services/board.go:56.29,59.123 1 1
github.com/spacesedan/go-sequence/internal/services/board.go:59.123,70.4 5 1
github.com/spacesedan/go-sequence/internal/services/board.go:70.9,74.4 2 1
github.com/spacesedan/go-sequence/internal/services/board.go:78.2,78.12 1 1
github.com/spacesedan/go-sequence/internal/services/board.go:83.40,85.2 1 1
github.com/spacesedan/go-sequence/internal/services/board.go:94.98,99.21 2 1
github.com/spacesedan/go-sequence/internal/services/board.go:99.21,104.3 1 1
github.com/spacesedan/go-sequence/internal/services/board.go:106.2,112.18 5 1
github.com/spacesedan/go-sequence/internal/services/board.go:116.60,119.22 2 1
github.com/spacesedan/go-sequence/internal/services/board.go:119.22,125.3 1 1
github.com/spacesedan/go-sequence/internal/services/board.go:127.2,127.21 1 1
github.com/spacesedan/go-sequence/internal/services/board.go:127.21,133.3 1 1
github.com/spacesedan/go-sequence/internal/services/board.go:136.2,144.12 5 1
github.com/spacesedan/go-sequence/internal/services/board.go:149.62,155.16 3 1
github.com/spacesedan/go-sequence/internal/services/board.go:155.16,157.3 1 1
github.com/spacesedan/go-sequence/internal/services/board.go:160.2,167.16 4 1
github.com/spacesedan/go-sequence/internal/services/board.go:167.16,169.3 1 1
github.com/spacesedan/go-sequence/internal/services/board.go:171.2,171.19 1 1
github.com/spacesedan/go-sequence/internal/services/board.go:175.43,186.2 1 1
github.com/spacesedan/go-sequence/internal/services/card.go:39.35,41.2 1 1
github.com/spacesedan/go-sequence/internal/services/card.go:44.33,53.34 4 1
github.com/spacesedan/go-sequence/internal/services/card.go:53.34,54.35 1 1
github.com/spacesedan/go-sequence/internal/services/card.go:54.35,64.4 3 1
github.com/spacesedan/go-sequence/internal/services/card.go:67.2,67.15 1 1
github.com/spacesedan/go-sequence/internal/services/card.go:71.36,73.30 2 1
github.com/spacesedan/go-sequence/internal/services/card.go:73.30,75.13 2 1
github.com/spacesedan/go-sequence/internal/services/card.go:75.13,77.4 1 1
github.com/spacesedan/go-sequence/internal/services/card.go:82.42,85.22 1 1
github.com/spacesedan/go-sequence/internal/services/card.go:85.22,90.3 2 1
github.com/spacesedan/go-sequence/internal/services/card.go:93.2,98.13 3 1
github.com/spacesedan/go-sequence/internal/services/card.go:103.64,104.32 1 1
github.com/spacesedan/go-sequence/internal/services/card.go:104.32,105.34 1 1
github.com/spacesedan/go-sequence/internal/services/card.go:105.34,108.4 2 1
github.com/spacesedan/go-sequence/internal/services/card.go:113.69,114.36 1 0
github.com/spacesedan/go-sequence/internal/services/card.go:114.36,117.3 2 0
github.com/spacesedan/go-sequence/internal/services/card.go:119.2,119.15 1 0
github.com/spacesedan/go-sequence/internal/services/card.go:123.51,125.2 1 1
github.com/spacesedan/go-sequence/internal/services/card.go:128.37,130.2 1 1
github.com/spacesedan/go-sequence/internal/services/card.go:133.51,135.2 1 1
github.com/spacesedan/go-sequence/internal/services/errors.go:22.83,28.2 1 1
github.com/spacesedan/go-sequence/internal/services/errors.go:30.71,32.2 1 0
github.com/spacesedan/go-sequence/internal/services/errors.go:34.32,35.22 1 0
github.com/spacesedan/go-sequence/internal/services/errors.go:35.22,37.6 1 0
github.com/spacesedan/go-sequence/internal/services/errors.go:38.5,38.17 1 0
github.com/spacesedan/go-sequence/internal/services/errors.go:42.32,44.2 1 0
github.com/spacesedan/go-sequence/internal/services/errors.go:46.34,48.2 1 0
github.com/spacesedan/go-sequence/internal/services/game.go:12.84,21.2 3 0
github.com/spacesedan/go-sequence/internal/services/player.go:37.39,41.2 1 1
github.com/spacesedan/go-sequence/internal/services/player.go:44.57,45.39 1 1
github.com/spacesedan/go-sequence/internal/services/player.go:45.39,50.3 1 1
github.com/spacesedan/go-sequence/internal/services/player.go:51.2,54.12 3 1
github.com/spacesedan/go-sequence/internal/services/player.go:58.64,60.39 1 1
github.com/spacesedan/go-sequence/internal/services/player.go:60.39,63.3 1 1
github.com/spacesedan/go-sequence/internal/services/player.go:66.2,68.12 2 1
github.com/spacesedan/go-sequence/internal/services/player.go:71.46,73.2 1 1
github.com/spacesedan/go-sequence/internal/services/player.go:76.72,79.9 2 1
github.com/spacesedan/go-sequence/internal/services/player.go:79.9,82.3 1 1
github.com/spacesedan/go-sequence/internal/services/player.go:84.2,84.20 1 1
github.com/spacesedan/go-sequence/internal/services/player.go:89.93,91.34 1 0
github.com/spacesedan/go-sequence/internal/services/player.go:91.34,97.3 1 0
github.com/spacesedan/go-sequence/internal/services/player.go:100.2,106.40 3 0
github.com/spacesedan/go-sequence/internal/services/player.go:106.40,109.35 1 0
github.com/spacesedan/go-sequence/internal/services/player.go:109.35,110.12 1 0
github.com/spacesedan/go-sequence/internal/services/player.go:113.3,115.24 2 0
github.com/spacesedan/go-sequence/internal/services/player.go:118.2,118.24 1 0
github.com/spacesedan/go-sequence/internal/services/player.go:122.73,124.2 1 1
