mode: set
github.com/spacesedan/go-sequence/internal/services/board.go:42.37,46.2 1 1
github.com/spacesedan/go-sequence/internal/services/board.go:49.56,51.16 2 1
github.com/spacesedan/go-sequence/internal/services/board.go:51.16,53.3 1 1
github.com/spacesedan/go-sequence/internal/services/board.go:55.2,55.29 1 1
github.com/spacesedan/go-sequence/internal/services/board.go:55.29,58.123 1 1
github.com/spacesedan/go-sequence/internal/services/board.go:58.123,70.4 6 1
github.com/spacesedan/go-sequence/internal/services/board.go:70.9,76.4 3 1
github.com/spacesedan/go-sequence/internal/services/board.go:80.2,80.12 1 1
github.com/spacesedan/go-sequence/internal/services/board.go:85.40,87.2 1 1
github.com/spacesedan/go-sequence/internal/services/board.go:96.97,102.21 3 1
github.com/spacesedan/go-sequence/internal/services/board.go:102.21,107.3 1 1
github.com/spacesedan/go-sequence/internal/services/board.go:109.2,112.18 3 1
github.com/spacesedan/go-sequence/internal/services/board.go:116.70,121.34 3 1
github.com/spacesedan/go-sequence/internal/services/board.go:121.34,123.37 1 1
github.com/spacesedan/go-sequence/internal/services/board.go:123.37,126.24 2 1
github.com/spacesedan/go-sequence/internal/services/board.go:126.24,132.5 1 1
github.com/spacesedan/go-sequence/internal/services/board.go:134.4,134.23 1 1
github.com/spacesedan/go-sequence/internal/services/board.go:134.23,140.5 1 1
github.com/spacesedan/go-sequence/internal/services/board.go:143.4,145.23 2 1
github.com/spacesedan/go-sequence/internal/services/board.go:149.2,149.22 1 1
github.com/spacesedan/go-sequence/internal/services/board.go:154.62,160.16 3 1
github.com/spacesedan/go-sequence/internal/services/board.go:160.16,162.3 1 1
github.com/spacesedan/go-sequence/internal/services/board.go:165.2,172.16 4 1
github.com/spacesedan/go-sequence/internal/services/board.go:172.16,174.3 1 1
github.com/spacesedan/go-sequence/internal/services/board.go:176.2,176.19 1 1
github.com/spacesedan/go-sequence/internal/services/board.go:180.43,191.2 1 1
github.com/spacesedan/go-sequence/internal/services/card.go:39.35,41.2 1 1
github.com/spacesedan/go-sequence/internal/services/card.go:44.33,53.34 4 1
github.com/spacesedan/go-sequence/internal/services/card.go:53.34,54.35 1 1
github.com/spacesedan/go-sequence/internal/services/card.go:54.35,64.4 3 1
github.com/spacesedan/go-sequence/internal/services/card.go:67.2,67.15 1 1
github.com/spacesedan/go-sequence/internal/services/card.go:71.36,73.30 2 1
github.com/spacesedan/go-sequence/internal/services/card.go:73.30,75.13 2 1
github.com/spacesedan/go-sequence/internal/services/card.go:75.13,77.4 1 1
github.com/spacesedan/go-sequence/internal/services/card.go:82.42,85.22 1 1
github.com/spacesedan/go-sequence/internal/services/card.go:85.22,90.3 2 1
github.com/spacesedan/go-sequence/internal/services/card.go:93.2,98.13 3 1
github.com/spacesedan/go-sequence/internal/services/card.go:103.64,104.32 1 1
github.com/spacesedan/go-sequence/internal/services/card.go:104.32,105.34 1 1
github.com/spacesedan/go-sequence/internal/services/card.go:105.34,108.4 2 1
github.com/spacesedan/go-sequence/internal/services/card.go:113.69,114.36 1 0
github.com/spacesedan/go-sequence/internal/services/card.go:114.36,117.3 2 0
github.com/spacesedan/go-sequence/internal/services/card.go:119.2,119.15 1 0
github.com/spacesedan/go-sequence/internal/services/card.go:123.51,125.2 1 1
github.com/spacesedan/go-sequence/internal/services/card.go:128.37,130.2 1 1
github.com/spacesedan/go-sequence/internal/services/card.go:133.51,135.2 1 1
github.com/spacesedan/go-sequence/internal/services/errors.go:22.83,28.2 1 1
github.com/spacesedan/go-sequence/internal/services/errors.go:30.71,32.2 1 0
github.com/spacesedan/go-sequence/internal/services/errors.go:34.32,35.22 1 0
github.com/spacesedan/go-sequence/internal/services/errors.go:35.22,37.6 1 0
github.com/spacesedan/go-sequence/internal/services/errors.go:38.5,38.17 1 0
github.com/spacesedan/go-sequence/internal/services/errors.go:42.32,44.2 1 0
github.com/spacesedan/go-sequence/internal/services/errors.go:46.34,48.2 1 0
github.com/spacesedan/go-sequence/internal/services/game.go:12.84,21.2 3 0
github.com/spacesedan/go-sequence/internal/services/player.go:34.39,38.2 1 0
github.com/spacesedan/go-sequence/internal/services/player.go:41.51,44.2 2 0
github.com/spacesedan/go-sequence/internal/services/player.go:47.64,49.39 1 0
github.com/spacesedan/go-sequence/internal/services/player.go:49.39,52.3 1 0
github.com/spacesedan/go-sequence/internal/services/player.go:55.2,57.12 2 0
github.com/spacesedan/go-sequence/internal/services/player.go:61.72,64.9 2 0
github.com/spacesedan/go-sequence/internal/services/player.go:64.9,67.3 1 0
github.com/spacesedan/go-sequence/internal/services/player.go:69.2,69.20 1 0
github.com/spacesedan/go-sequence/internal/services/player.go:74.93,76.34 1 0
github.com/spacesedan/go-sequence/internal/services/player.go:76.34,82.3 1 0
github.com/spacesedan/go-sequence/internal/services/player.go:85.2,91.40 3 0
github.com/spacesedan/go-sequence/internal/services/player.go:91.40,94.35 1 0
github.com/spacesedan/go-sequence/internal/services/player.go:94.35,95.12 1 0
github.com/spacesedan/go-sequence/internal/services/player.go:99.3,101.30 2 0
github.com/spacesedan/go-sequence/internal/services/player.go:104.2,104.24 1 0
github.com/spacesedan/go-sequence/internal/services/player.go:108.73,110.2 1 0
