mode: set
github.com/spacesedan/go-sequence/internal/services/board.go:40.37,44.2 1 1
github.com/spacesedan/go-sequence/internal/services/board.go:47.50,50.29 2 1
github.com/spacesedan/go-sequence/internal/services/board.go:50.29,53.123 1 1
github.com/spacesedan/go-sequence/internal/services/board.go:53.123,65.4 6 1
github.com/spacesedan/go-sequence/internal/services/board.go:65.9,71.4 3 1
github.com/spacesedan/go-sequence/internal/services/board.go:77.40,79.2 1 1
github.com/spacesedan/go-sequence/internal/services/board.go:86.77,92.21 3 0
github.com/spacesedan/go-sequence/internal/services/board.go:92.21,96.3 2 0
github.com/spacesedan/go-sequence/internal/services/board.go:98.2,99.24 2 0
github.com/spacesedan/go-sequence/internal/services/board.go:102.54,106.34 2 0
github.com/spacesedan/go-sequence/internal/services/board.go:106.34,108.37 1 0
github.com/spacesedan/go-sequence/internal/services/board.go:108.37,110.24 1 0
github.com/spacesedan/go-sequence/internal/services/board.go:110.24,112.5 1 0
github.com/spacesedan/go-sequence/internal/services/board.go:115.4,117.23 2 0
github.com/spacesedan/go-sequence/internal/services/board.go:124.53,130.16 3 1
github.com/spacesedan/go-sequence/internal/services/board.go:130.16,132.3 1 0
github.com/spacesedan/go-sequence/internal/services/board.go:135.2,142.16 4 1
github.com/spacesedan/go-sequence/internal/services/board.go:142.16,144.3 1 0
github.com/spacesedan/go-sequence/internal/services/board.go:146.2,146.14 1 1
github.com/spacesedan/go-sequence/internal/services/board.go:150.43,160.2 1 1
github.com/spacesedan/go-sequence/internal/services/card.go:39.35,42.2 1 1
github.com/spacesedan/go-sequence/internal/services/card.go:45.33,54.34 4 1
github.com/spacesedan/go-sequence/internal/services/card.go:54.34,55.35 1 1
github.com/spacesedan/go-sequence/internal/services/card.go:55.35,65.4 3 1
github.com/spacesedan/go-sequence/internal/services/card.go:68.2,68.15 1 1
github.com/spacesedan/go-sequence/internal/services/card.go:72.36,74.30 2 1
github.com/spacesedan/go-sequence/internal/services/card.go:74.30,76.13 2 1
github.com/spacesedan/go-sequence/internal/services/card.go:76.13,78.4 1 1
github.com/spacesedan/go-sequence/internal/services/card.go:83.42,86.22 1 1
github.com/spacesedan/go-sequence/internal/services/card.go:86.22,91.3 2 1
github.com/spacesedan/go-sequence/internal/services/card.go:94.2,99.13 3 1
github.com/spacesedan/go-sequence/internal/services/card.go:104.64,105.32 1 1
github.com/spacesedan/go-sequence/internal/services/card.go:105.32,106.34 1 1
github.com/spacesedan/go-sequence/internal/services/card.go:106.34,109.4 2 1
github.com/spacesedan/go-sequence/internal/services/card.go:114.64,115.36 1 0
github.com/spacesedan/go-sequence/internal/services/card.go:115.36,118.3 2 0
github.com/spacesedan/go-sequence/internal/services/card.go:122.51,124.2 1 1
github.com/spacesedan/go-sequence/internal/services/card.go:127.37,129.2 1 1
github.com/spacesedan/go-sequence/internal/services/card.go:132.51,134.2 1 1
github.com/spacesedan/go-sequence/internal/services/game.go:55.60,65.2 3 1
github.com/spacesedan/go-sequence/internal/services/game.go:68.21,78.34 4 1
github.com/spacesedan/go-sequence/internal/services/game.go:78.34,79.35 1 1
github.com/spacesedan/go-sequence/internal/services/game.go:79.35,87.4 3 1
github.com/spacesedan/go-sequence/internal/services/game.go:90.2,90.13 1 1
github.com/spacesedan/go-sequence/internal/services/game.go:94.59,95.35 1 1
github.com/spacesedan/go-sequence/internal/services/game.go:95.35,98.3 2 1
github.com/spacesedan/go-sequence/internal/services/game.go:98.8,100.3 1 1
github.com/spacesedan/go-sequence/internal/services/game.go:102.2,102.18 1 1
github.com/spacesedan/go-sequence/internal/services/game.go:107.56,109.2 1 1
github.com/spacesedan/go-sequence/internal/services/game.go:111.37,113.2 1 0
github.com/spacesedan/go-sequence/internal/services/game.go:115.43,117.2 1 1
github.com/spacesedan/go-sequence/internal/services/game.go:121.29,122.30 1 1
github.com/spacesedan/go-sequence/internal/services/game.go:122.30,124.13 2 1
github.com/spacesedan/go-sequence/internal/services/game.go:124.13,126.4 1 1
github.com/spacesedan/go-sequence/internal/services/game.go:132.35,134.18 1 0
github.com/spacesedan/go-sequence/internal/services/game.go:134.18,136.3 1 0
github.com/spacesedan/go-sequence/internal/services/game.go:138.2,138.37 1 0
github.com/spacesedan/go-sequence/internal/services/game.go:138.37,139.36 1 0
github.com/spacesedan/go-sequence/internal/services/game.go:139.36,142.4 2 0
github.com/spacesedan/go-sequence/internal/services/game.go:146.2,146.21 1 0
github.com/spacesedan/go-sequence/internal/services/game.go:150.42,151.22 1 0
github.com/spacesedan/go-sequence/internal/services/game.go:151.22,153.3 1 0
github.com/spacesedan/go-sequence/internal/services/game.go:156.2,161.13 3 0
github.com/spacesedan/go-sequence/internal/services/game.go:171.59,176.35 3 0
github.com/spacesedan/go-sequence/internal/services/game.go:176.35,177.17 1 0
github.com/spacesedan/go-sequence/internal/services/game.go:177.17,180.4 1 0
github.com/spacesedan/go-sequence/internal/services/game.go:180.9,183.4 1 0
github.com/spacesedan/go-sequence/internal/services/game.go:187.2,191.12 3 0
github.com/spacesedan/go-sequence/internal/services/game.go:196.55,206.2 3 0
